2026-03-15 21:39:47: Running migrations...
2026-03-15 21:39:55: ✅ All migrations complete — tables ready
2026-03-15 21:39:55: 
2026-03-15 21:39:55: ╔═════════════════════════════════════╗
2026-03-15 21:39:55: ║   🏦  JJU Bank Server — port 4001   ║
2026-03-15 21:39:55: ╚═════════════════════════════════════╝
2026-03-15 21:39:55: 
2026-03-15 21:39:55:   Staff frontend : http://localhost:4001
2026-03-15 21:39:55:   Admin dashboard: http://localhost:4001/admin
2026-03-15 21:39:55:   Health check   : http://localhost:4001/api/health
2026-03-15 21:39:55: 
2026-03-15 21:40:38: 2026-03-15T16:10:38.499Z  GET /api/health
2026-03-15 21:40:40: 2026-03-15T16:10:40.063Z  GET /api/records/stats
2026-03-15 21:40:40: 2026-03-15T16:10:40.241Z  GET /api/records/stats
2026-03-15 21:40:40: 2026-03-15T16:10:40.253Z  GET /api/records
2026-03-15 21:40:40: 2026-03-15T16:10:40.310Z  GET /api/records
2026-03-15 21:40:40: 2026-03-15T16:10:40.340Z  GET /api/sync-sheets/status
2026-03-15 21:40:59: 2026-03-15T16:10:59.198Z  GET /api/records/stats
2026-03-15 21:40:59: 2026-03-15T16:10:59.389Z  GET /api/records/stats
2026-03-15 21:40:59: 2026-03-15T16:10:59.394Z  GET /api/records
2026-03-15 21:40:59: 2026-03-15T16:10:59.489Z  GET /api/sync-sheets/status
2026-03-15 21:41:01: 2026-03-15T16:11:01.397Z  GET /api/auth/me
2026-03-15 21:41:01: 2026-03-15T16:11:01.446Z  GET /api/records/stats
2026-03-15 21:41:01: 2026-03-15T16:11:01.688Z  GET /api/records/stats
2026-03-15 21:41:01: 2026-03-15T16:11:01.789Z  GET /api/sync-sheets/status
2026-03-15 21:41:02: 2026-03-15T16:11:02.211Z  GET /api/auth/me
2026-03-15 21:41:02: 2026-03-15T16:11:02.338Z  GET /api/records/stats
2026-03-15 21:41:02: 2026-03-15T16:11:02.552Z  GET /api/records/stats
2026-03-15 21:41:02: 2026-03-15T16:11:02.608Z  GET /api/sync-sheets/status
2026-03-15 21:41:16: 2026-03-15T16:11:16.457Z  GET /api/records/next-loan-no/03
2026-03-15 21:41:17: 2026-03-15T16:11:17.007Z  GET /api/records/check-loan-no/03-001
2026-03-15 21:41:20: 2026-03-15T16:11:20.561Z  GET /api/records/customers/search
2026-03-15 21:41:32: 2026-03-15T16:11:32.337Z  GET /api/records/stats
2026-03-15 21:41:33: 2026-03-15T16:11:33.758Z  GET /api/records
2026-03-15 21:41:41: 2026-03-15T16:11:41.388Z  GET /api/records/check-loan-no/03-00
2026-03-15 21:41:42: 2026-03-15T16:11:42.788Z  GET /api/records/check-loan-no/03-0
2026-03-15 21:41:43: 2026-03-15T16:11:43.457Z  GET /api/records/check-loan-no/03-02
2026-03-15 21:41:49: 2026-03-15T16:11:49.454Z  POST /api/records
2026-03-15 21:42:02: 2026-03-15T16:12:02.336Z  GET /api/records/stats
2026-03-15 21:42:33: 2026-03-15T16:12:33.055Z  GET /api/records/stats
2026-03-15 21:43:03: 2026-03-15T16:13:03.052Z  GET /api/records/stats
2026-03-15 21:43:33: 2026-03-15T16:13:33.054Z  GET /api/records/stats
2026-03-15 21:44:03: 2026-03-15T16:14:03.052Z  GET /api/records/stats
2026-03-15 21:44:40: 2026-03-15T16:14:40.048Z  GET /api/records/stats
2026-03-15 21:45:40: 2026-03-15T16:15:40.074Z  GET /api/records/stats
2026-03-15 21:46:40: 2026-03-15T16:16:40.044Z  GET /api/records/stats
2026-03-15 21:47:03: 2026-03-15T16:17:03.020Z  GET /api/records/stats
2026-03-15 21:47:07: 2026-03-15T16:17:07.483Z  POST /api/records
2026-03-15 21:47:20: 2026-03-15T16:17:20.782Z  GET /api/auth/me
2026-03-15 21:47:20: 2026-03-15T16:17:20.819Z  GET /api/records/stats
2026-03-15 21:47:20: 2026-03-15T16:17:20.930Z  GET /api/records/stats
2026-03-15 21:47:21: 2026-03-15T16:17:21.169Z  GET /api/sync-sheets/status
2026-03-15 21:47:33: 2026-03-15T16:17:33.618Z  GET /api/auth/me
2026-03-15 21:47:33: 2026-03-15T16:17:33.668Z  GET /api/records/stats
2026-03-15 21:47:33: 2026-03-15T16:17:33.824Z  GET /api/records/stats
2026-03-15 21:47:34: 2026-03-15T16:17:34.038Z  GET /api/auth/me
2026-03-15 21:47:34: 2026-03-15T16:17:34.075Z  GET /api/records/stats
2026-03-15 21:47:34: 2026-03-15T16:17:34.228Z  GET /api/records/stats
2026-03-15 21:47:34: 2026-03-15T16:17:34.368Z  GET /api/sync-sheets/status
2026-03-15 21:48:05: 2026-03-15T16:18:05.035Z  GET /api/records/stats
2026-03-15 21:48:05: 2026-03-15T16:18:05.181Z  GET /api/records/stats
2026-03-15 21:48:05: 2026-03-15T16:18:05.217Z  GET /api/records
2026-03-15 21:48:05: 2026-03-15T16:18:05.266Z  GET /api/records
2026-03-15 21:48:05: 2026-03-15T16:18:05.316Z  GET /api/sync-sheets/status
2026-03-15 21:48:35: 2026-03-15T16:18:35.138Z  GET /api/records/stats
2026-03-15 21:48:35: 2026-03-15T16:18:35.276Z  GET /api/records/stats
2026-03-15 21:48:35: 2026-03-15T16:18:35.337Z  GET /api/records
2026-03-15 21:48:35: 2026-03-15T16:18:35.415Z  GET /api/records
2026-03-15 21:48:35: 2026-03-15T16:18:35.470Z  GET /api/sync-sheets/status
2026-03-15 21:49:05: 2026-03-15T16:19:05.037Z  GET /api/records/stats
2026-03-15 21:49:05: 2026-03-15T16:19:05.086Z  GET /api/records/stats
2026-03-15 21:49:05: 2026-03-15T16:19:05.087Z  GET /api/records
2026-03-15 21:49:05: 2026-03-15T16:19:05.213Z  GET /api/sync-sheets/status
2026-03-15 21:49:11: 2026-03-15T16:19:11.120Z  GET /api/auth/me
2026-03-15 21:49:11: 2026-03-15T16:19:11.177Z  GET /api/records/stats
2026-03-15 21:49:11: 2026-03-15T16:19:11.326Z  GET /api/records/stats
2026-03-15 21:49:11: 2026-03-15T16:19:11.480Z  GET /api/sync-sheets/status
2026-03-15 21:49:12: 2026-03-15T16:19:12.221Z  GET /api/auth/me
2026-03-15 21:49:12: 2026-03-15T16:19:12.280Z  GET /api/records/stats
2026-03-15 21:49:12: 2026-03-15T16:19:12.529Z  GET /api/records/stats
2026-03-15 21:49:17: 2026-03-15T16:19:17.013Z  GET /api/auth/me
2026-03-15 21:49:17: 2026-03-15T16:19:17.029Z  GET /api/records/stats
2026-03-15 21:49:17: 2026-03-15T16:19:17.085Z  GET /api/records/stats
2026-03-15 21:49:17: 2026-03-15T16:19:17.282Z  GET /api/sync-sheets/status
2026-03-15 21:49:35: 2026-03-15T16:19:35.562Z  GET /api/records/customers/search
2026-03-15 21:49:42: 2026-03-15T16:19:42.361Z  POST /api/records
2026-03-15 21:49:47: 2026-03-15T16:19:47.028Z  GET /api/records/stats
2026-03-15 21:50:18: 2026-03-15T16:20:18.029Z  GET /api/records/stats
2026-03-15 21:50:48: 2026-03-15T16:20:48.028Z  GET /api/records/stats
2026-03-15 21:51:18: 2026-03-15T16:21:18.027Z  GET /api/records/stats
2026-03-15 21:51:48: 2026-03-15T16:21:48.024Z  GET /api/records/stats
2026-03-15 21:52:18: 2026-03-15T16:22:18.022Z  GET /api/records/stats
2026-03-15 21:53:40: 2026-03-15T16:23:40.019Z  GET /api/records/stats
2026-03-15 21:54:40: 2026-03-15T16:24:40.598Z  GET /api/records/stats
2026-03-15 21:55:40: 2026-03-15T16:25:40.519Z  GET /api/records/stats
2026-03-15 21:56:43: 2026-03-15T16:26:43.097Z  GET /api/records/stats
2026-03-15 21:57:40: 2026-03-15T16:27:40.513Z  GET /api/records/stats
2026-03-15 21:58:40: 2026-03-15T16:28:40.639Z  GET /api/records/stats
2026-03-15 21:59:40: 2026-03-15T16:29:40.507Z  GET /api/records/stats
2026-03-15 22:00:40: 2026-03-15T16:30:40.503Z  GET /api/records/stats
2026-03-15 22:01:40: 2026-03-15T16:31:40.502Z  GET /api/records/stats
2026-03-15 22:02:40: 2026-03-15T16:32:40.498Z  GET /api/records/stats
2026-03-15 22:03:40: 2026-03-15T16:33:40.579Z  GET /api/records/stats
2026-03-15 22:04:40: 2026-03-15T16:34:40.487Z  GET /api/records/stats
2026-03-15 22:05:40: 2026-03-15T16:35:40.486Z  GET /api/records/stats
2026-03-15 22:06:40: 2026-03-15T16:36:40.483Z  GET /api/records/stats
2026-03-15 22:07:36: 2026-03-15T16:37:36.110Z  GET /api/records/stats
2026-03-15 22:07:47: 2026-03-15T16:37:47.480Z  GET /api/records/stats
2026-03-15 22:08:15: 2026-03-15T16:38:15.707Z  GET /api/auth/me
2026-03-15 22:08:15: 2026-03-15T16:38:15.716Z  GET /api/records/stats
2026-03-15 22:08:15: 2026-03-15T16:38:15.907Z  GET /api/records/stats
2026-03-15 22:08:15: 2026-03-15T16:38:15.973Z  GET /api/sync-sheets/status
2026-03-15 22:08:21: 2026-03-15T16:38:21.156Z  GET /api/auth/me
2026-03-15 22:08:21: 2026-03-15T16:38:21.169Z  GET /api/records/stats
2026-03-15 22:08:21: 2026-03-15T16:38:21.278Z  GET /api/records/stats
2026-03-15 22:08:21: 2026-03-15T16:38:21.356Z  GET /api/sync-sheets/status
2026-03-15 22:08:52: 2026-03-15T16:38:52.156Z  GET /api/records/stats
2026-03-15 22:09:21: 2026-03-15T16:39:21.474Z  GET /api/records/stats
2026-03-15 22:09:51: 2026-03-15T16:39:51.471Z  GET /api/records/stats
2026-03-15 22:10:21: 2026-03-15T16:40:21.470Z  GET /api/records/stats
2026-03-15 22:10:51: 2026-03-15T16:40:51.167Z  GET /api/records/stats
2026-03-15 22:10:55: 2026-03-15T16:40:55.148Z  GET /api/cashbook
2026-03-15 22:10:55: 2026-03-15T16:40:55.151Z  GET /api/records
2026-03-15 22:10:55: 2026-03-15T16:40:55.248Z  POST /api/cashbook/bulk
2026-03-15 22:10:55: 2026-03-15T16:40:55.252Z  POST /api/cashbook/bulk
2026-03-15 22:10:55: 2026-03-15T16:40:55.255Z  POST /api/cashbook/bulk
2026-03-15 22:10:55: 2026-03-15T16:40:55.259Z  POST /api/cashbook/bulk
2026-03-15 22:10:55: 2026-03-15T16:40:55.263Z  POST /api/cashbook/bulk
2026-03-15 22:10:55: 2026-03-15T16:40:55.265Z  POST /api/cashbook/bulk
2026-03-15 22:10:55: 2026-03-15T16:40:55.268Z  POST /api/cashbook/bulk
2026-03-15 22:10:55: 2026-03-15T16:40:55.271Z  POST /api/cashbook/bulk
2026-03-15 22:10:55: 2026-03-15T16:40:55.293Z  POST /api/cashbook/bulk
2026-03-15 22:10:55: 2026-03-15T16:40:55.295Z  POST /api/cashbook/bulk
2026-03-15 22:10:55: 2026-03-15T16:40:55.296Z  POST /api/cashbook/bulk
2026-03-15 22:10:55: 2026-03-15T16:40:55.298Z  POST /api/cashbook/bulk
2026-03-15 22:10:55: 2026-03-15T16:40:55.301Z  POST /api/cashbook/bulk
2026-03-15 22:10:55: 2026-03-15T16:40:55.303Z  POST /api/cashbook/bulk
2026-03-15 22:10:55: 2026-03-15T16:40:55.307Z  POST /api/cashbook/bulk
2026-03-15 22:10:55: 2026-03-15T16:40:55.309Z  POST /api/cashbook/bulk
2026-03-15 22:10:55: 2026-03-15T16:40:55.311Z  POST /api/cashbook/bulk
2026-03-15 22:10:55: 2026-03-15T16:40:55.314Z  POST /api/cashbook/bulk
2026-03-15 22:10:55: 2026-03-15T16:40:55.319Z  POST /api/cashbook/bulk
2026-03-15 22:10:55: 2026-03-15T16:40:55.320Z  POST /api/cashbook/bulk
2026-03-15 22:10:55: 2026-03-15T16:40:55.344Z  POST /api/cashbook/bulk
2026-03-15 22:10:55: 2026-03-15T16:40:55.345Z  POST /api/cashbook/bulk
2026-03-15 22:10:55: 2026-03-15T16:40:55.346Z  POST /api/cashbook/bulk
2026-03-15 22:10:55: 2026-03-15T16:40:55.348Z  POST /api/cashbook/bulk
2026-03-15 22:10:55: 2026-03-15T16:40:55.349Z  POST /api/cashbook/bulk
2026-03-15 22:10:55: 2026-03-15T16:40:55.351Z  POST /api/cashbook/bulk
2026-03-15 22:10:55: 2026-03-15T16:40:55.368Z  POST /api/cashbook/bulk
2026-03-15 22:10:55: 2026-03-15T16:40:55.370Z  POST /api/cashbook/bulk
2026-03-15 22:10:55: 2026-03-15T16:40:55.372Z  POST /api/cashbook/bulk
2026-03-15 22:10:55: 2026-03-15T16:40:55.394Z  POST /api/cashbook/bulk
2026-03-15 22:10:55: 2026-03-15T16:40:55.395Z  POST /api/cashbook/bulk
2026-03-15 22:10:55: 2026-03-15T16:40:55.397Z  POST /api/cashbook/bulk
2026-03-15 22:10:55: 2026-03-15T16:40:55.400Z  POST /api/cashbook/bulk
2026-03-15 22:10:55: 2026-03-15T16:40:55.402Z  POST /api/cashbook/bulk
2026-03-15 22:10:55: 2026-03-15T16:40:55.404Z  POST /api/cashbook/bulk
2026-03-15 22:10:55: 2026-03-15T16:40:55.444Z  POST /api/cashbook/bulk
2026-03-15 22:10:55: 2026-03-15T16:40:55.445Z  POST /api/cashbook/bulk
2026-03-15 22:10:55: 2026-03-15T16:40:55.447Z  POST /api/cashbook/bulk
2026-03-15 22:10:55: 2026-03-15T16:40:55.448Z  POST /api/cashbook/bulk
2026-03-15 22:10:55: 2026-03-15T16:40:55.450Z  POST /api/cashbook/bulk
2026-03-15 22:10:55: 2026-03-15T16:40:55.452Z  POST /api/cashbook/bulk
2026-03-15 22:10:55: 2026-03-15T16:40:55.497Z  POST /api/cashbook/bulk
2026-03-15 22:10:55: 2026-03-15T16:40:55.500Z  POST /api/cashbook/bulk
2026-03-15 22:10:55: 2026-03-15T16:40:55.561Z  POST /api/cashbook/bulk
2026-03-15 22:10:55: 2026-03-15T16:40:55.567Z  POST /api/cashbook/bulk
2026-03-15 22:10:55: 2026-03-15T16:40:55.598Z  POST /api/cashbook/bulk
2026-03-15 22:10:55: 2026-03-15T16:40:55.599Z  POST /api/cashbook/bulk
2026-03-15 22:10:55: 2026-03-15T16:40:55.751Z  POST /api/cashbook/bulk
2026-03-15 22:10:55: 2026-03-15T16:40:55.754Z  POST /api/cashbook/bulk
2026-03-15 22:10:55: 2026-03-15T16:40:55.756Z  POST /api/cashbook/bulk
2026-03-15 22:10:55: 2026-03-15T16:40:55.759Z  POST /api/cashbook/bulk
2026-03-15 22:10:55: 2026-03-15T16:40:55.764Z  POST /api/cashbook/bulk
2026-03-15 22:10:55: 2026-03-15T16:40:55.766Z  POST /api/cashbook/bulk
2026-03-15 22:10:55: 2026-03-15T16:40:55.771Z  POST /api/cashbook/bulk
2026-03-15 22:10:55: 2026-03-15T16:40:55.796Z  POST /api/cashbook/bulk
2026-03-15 22:10:55: 2026-03-15T16:40:55.801Z  POST /api/cashbook/bulk
2026-03-15 22:10:55: 2026-03-15T16:40:55.804Z  POST /api/cashbook/bulk
2026-03-15 22:10:55: 2026-03-15T16:40:55.807Z  POST /api/cashbook/bulk
2026-03-15 22:10:55: 2026-03-15T16:40:55.818Z  POST /api/cashbook/bulk
2026-03-15 22:10:55: 2026-03-15T16:40:55.821Z  POST /api/cashbook/bulk
2026-03-15 22:10:55: 2026-03-15T16:40:55.853Z  POST /api/cashbook/bulk
2026-03-15 22:10:55: 2026-03-15T16:40:55.865Z  POST /api/cashbook/bulk
2026-03-15 22:10:55: 2026-03-15T16:40:55.867Z  POST /api/cashbook/bulk
2026-03-15 22:10:55: 2026-03-15T16:40:55.871Z  POST /api/cashbook/bulk
2026-03-15 22:10:55: 2026-03-15T16:40:55.897Z  POST /api/cashbook/bulk
2026-03-15 22:10:55: 2026-03-15T16:40:55.905Z  POST /api/cashbook/bulk
2026-03-15 22:10:55: 2026-03-15T16:40:55.919Z  POST /api/cashbook/bulk
2026-03-15 22:10:55: 2026-03-15T16:40:55.921Z  POST /api/cashbook/bulk
2026-03-15 22:10:55: 2026-03-15T16:40:55.945Z  POST /api/cashbook/bulk
2026-03-15 22:10:55: 2026-03-15T16:40:55.946Z  POST /api/cashbook/bulk
2026-03-15 22:10:55: 2026-03-15T16:40:55.948Z  POST /api/cashbook/bulk
2026-03-15 22:10:55: 2026-03-15T16:40:55.950Z  POST /api/cashbook/bulk
2026-03-15 22:10:55: 2026-03-15T16:40:55.957Z  POST /api/cashbook/bulk
2026-03-15 22:10:55: 2026-03-15T16:40:55.958Z  POST /api/cashbook/bulk
2026-03-15 22:10:55: 2026-03-15T16:40:55.964Z  POST /api/cashbook/bulk
2026-03-15 22:10:55: 2026-03-15T16:40:55.966Z  POST /api/cashbook/bulk
2026-03-15 22:10:55: 2026-03-15T16:40:55.971Z  POST /api/cashbook/bulk
2026-03-15 22:10:55: 2026-03-15T16:40:55.993Z  POST /api/cashbook/bulk
2026-03-15 22:10:55: 2026-03-15T16:40:55.994Z  POST /api/cashbook/bulk
2026-03-15 22:10:55: 2026-03-15T16:40:55.997Z  POST /api/cashbook/bulk
2026-03-15 22:10:56: 2026-03-15T16:40:55.998Z  POST /api/cashbook/bulk
2026-03-15 22:10:56: 2026-03-15T16:40:56.001Z  POST /api/cashbook/bulk
2026-03-15 22:10:56: 2026-03-15T16:40:56.004Z  POST /api/cashbook/bulk
2026-03-15 22:10:56: 2026-03-15T16:40:56.006Z  POST /api/cashbook/bulk
2026-03-15 22:10:56: 2026-03-15T16:40:56.008Z  POST /api/cashbook/bulk
2026-03-15 22:10:56: 2026-03-15T16:40:56.010Z  POST /api/cashbook/bulk
2026-03-15 22:10:56: 2026-03-15T16:40:56.013Z  POST /api/cashbook/bulk
2026-03-15 22:10:56: 2026-03-15T16:40:56.015Z  POST /api/cashbook/bulk
2026-03-15 22:10:56: 2026-03-15T16:40:56.017Z  POST /api/cashbook/bulk
2026-03-15 22:10:56: 2026-03-15T16:40:56.021Z  POST /api/cashbook/bulk
2026-03-15 22:10:56: 2026-03-15T16:40:56.044Z  POST /api/cashbook/bulk
2026-03-15 22:10:56: 2026-03-15T16:40:56.045Z  POST /api/cashbook/bulk
2026-03-15 22:10:56: 2026-03-15T16:40:56.048Z  POST /api/cashbook/bulk
2026-03-15 22:10:56: 2026-03-15T16:40:56.050Z  POST /api/cashbook/bulk
2026-03-15 22:10:56: 2026-03-15T16:40:56.057Z  POST /api/cashbook/bulk
2026-03-15 22:10:56: 2026-03-15T16:40:56.067Z  POST /api/cashbook/bulk
2026-03-15 22:10:56: 2026-03-15T16:40:56.069Z  POST /api/cashbook/bulk
2026-03-15 22:10:56: 2026-03-15T16:40:56.070Z  POST /api/cashbook/bulk
2026-03-15 22:10:56: 2026-03-15T16:40:56.072Z  POST /api/cashbook/bulk
2026-03-15 22:10:56: 2026-03-15T16:40:56.094Z  POST /api/cashbook/bulk
2026-03-15 22:10:56: 2026-03-15T16:40:56.099Z  POST /api/cashbook/bulk
2026-03-15 22:10:56: 2026-03-15T16:40:56.101Z  POST /api/cashbook/bulk
2026-03-15 22:10:56: 2026-03-15T16:40:56.102Z  POST /api/cashbook/bulk
2026-03-15 22:10:56: 2026-03-15T16:40:56.105Z  POST /api/cashbook/bulk
2026-03-15 22:10:56: 2026-03-15T16:40:56.107Z  POST /api/cashbook/bulk
2026-03-15 22:10:56: 2026-03-15T16:40:56.109Z  POST /api/cashbook/bulk
2026-03-15 22:10:56: 2026-03-15T16:40:56.114Z  POST /api/cashbook/bulk
2026-03-15 22:10:56: 2026-03-15T16:40:56.116Z  POST /api/cashbook/bulk
2026-03-15 22:10:56: 2026-03-15T16:40:56.117Z  POST /api/cashbook/bulk
2026-03-15 22:10:56: 2026-03-15T16:40:56.118Z  POST /api/cashbook/bulk
2026-03-15 22:10:56: 2026-03-15T16:40:56.121Z  POST /api/cashbook/bulk
2026-03-15 22:10:56: 2026-03-15T16:40:56.123Z  POST /api/cashbook/bulk
2026-03-15 22:10:56: 2026-03-15T16:40:56.144Z  POST /api/cashbook/bulk
2026-03-15 22:10:56: 2026-03-15T16:40:56.146Z  POST /api/cashbook/bulk
2026-03-15 22:10:56: 2026-03-15T16:40:56.148Z  POST /api/cashbook/bulk
2026-03-15 22:10:56: 2026-03-15T16:40:56.151Z  POST /api/cashbook/bulk
2026-03-15 22:10:56: 2026-03-15T16:40:56.153Z  POST /api/cashbook/bulk
2026-03-15 22:10:56: 2026-03-15T16:40:56.155Z  POST /api/cashbook/bulk
2026-03-15 22:10:56: 2026-03-15T16:40:56.157Z  POST /api/cashbook/bulk
2026-03-15 22:10:56: 2026-03-15T16:40:56.158Z  POST /api/cashbook/bulk
2026-03-15 22:10:56: 2026-03-15T16:40:56.159Z  POST /api/cashbook/bulk
2026-03-15 22:10:56: 2026-03-15T16:40:56.162Z  POST /api/cashbook/bulk
2026-03-15 22:10:56: 2026-03-15T16:40:56.164Z  POST /api/cashbook/bulk
2026-03-15 22:10:56: 2026-03-15T16:40:56.167Z  POST /api/cashbook/bulk
2026-03-15 22:10:56: 2026-03-15T16:40:56.169Z  POST /api/cashbook/bulk
2026-03-15 22:10:56: 2026-03-15T16:40:56.172Z  POST /api/cashbook/bulk
2026-03-15 22:10:56: 2026-03-15T16:40:56.193Z  POST /api/cashbook/bulk
2026-03-15 22:10:56: 2026-03-15T16:40:56.194Z  POST /api/cashbook/bulk
2026-03-15 22:10:56: 2026-03-15T16:40:56.196Z  POST /api/cashbook/bulk
2026-03-15 22:10:56: 2026-03-15T16:40:56.198Z  POST /api/cashbook/bulk
2026-03-15 22:10:56: 2026-03-15T16:40:56.200Z  POST /api/cashbook/bulk
2026-03-15 22:10:56: 2026-03-15T16:40:56.201Z  POST /api/cashbook/bulk
2026-03-15 22:10:56: 2026-03-15T16:40:56.204Z  POST /api/cashbook/bulk
2026-03-15 22:10:56: 2026-03-15T16:40:56.206Z  POST /api/cashbook/bulk
2026-03-15 22:10:56: 2026-03-15T16:40:56.209Z  POST /api/cashbook/bulk
2026-03-15 22:10:56: 2026-03-15T16:40:56.213Z  POST /api/cashbook/bulk
2026-03-15 22:10:56: 2026-03-15T16:40:56.215Z  POST /api/cashbook/bulk
2026-03-15 22:10:56: 2026-03-15T16:40:56.216Z  POST /api/cashbook/bulk
2026-03-15 22:10:56: 2026-03-15T16:40:56.220Z  POST /api/cashbook/bulk
2026-03-15 22:10:56: 2026-03-15T16:40:56.221Z  POST /api/cashbook/bulk
2026-03-15 22:10:56: 2026-03-15T16:40:56.243Z  POST /api/cashbook/bulk
2026-03-15 22:10:56: 2026-03-15T16:40:56.245Z  POST /api/cashbook/bulk
2026-03-15 22:10:56: 2026-03-15T16:40:56.246Z  POST /api/cashbook/bulk
2026-03-15 22:10:56: 2026-03-15T16:40:56.248Z  POST /api/cashbook/bulk
2026-03-15 22:10:56: 2026-03-15T16:40:56.251Z  POST /api/cashbook/bulk
2026-03-15 22:10:56: 2026-03-15T16:40:56.253Z  POST /api/cashbook/bulk
2026-03-15 22:10:56: 2026-03-15T16:40:56.254Z  POST /api/cashbook/bulk
2026-03-15 22:10:56: 2026-03-15T16:40:56.256Z  POST /api/cashbook/bulk
2026-03-15 22:10:56: 2026-03-15T16:40:56.259Z  POST /api/cashbook/bulk
2026-03-15 22:10:56: 2026-03-15T16:40:56.260Z  POST /api/cashbook/bulk
2026-03-15 22:10:56: 2026-03-15T16:40:56.263Z  POST /api/cashbook/bulk
2026-03-15 22:10:56: 2026-03-15T16:40:56.265Z  POST /api/cashbook/bulk
2026-03-15 22:10:56: 2026-03-15T16:40:56.267Z  POST /api/cashbook/bulk
2026-03-15 22:10:56: 2026-03-15T16:40:56.269Z  POST /api/cashbook/bulk
2026-03-15 22:10:56: 2026-03-15T16:40:56.270Z  POST /api/cashbook/bulk
2026-03-15 22:10:56: 2026-03-15T16:40:56.271Z  POST /api/cashbook/bulk
2026-03-15 22:10:56: 2026-03-15T16:40:56.294Z  POST /api/cashbook/bulk
2026-03-15 22:10:56: 2026-03-15T16:40:56.294Z  POST /api/cashbook/bulk
2026-03-15 22:10:56: 2026-03-15T16:40:56.297Z  POST /api/cashbook/bulk
2026-03-15 22:10:56: 2026-03-15T16:40:56.300Z  POST /api/cashbook/bulk
2026-03-15 22:10:56: 2026-03-15T16:40:56.302Z  POST /api/cashbook/bulk
2026-03-15 22:10:56: 2026-03-15T16:40:56.305Z  POST /api/cashbook/bulk
2026-03-15 22:10:56: 2026-03-15T16:40:56.308Z  POST /api/cashbook/bulk
2026-03-15 22:10:56: 2026-03-15T16:40:56.311Z  POST /api/cashbook/bulk
2026-03-15 22:10:56: 2026-03-15T16:40:56.314Z  POST /api/cashbook/bulk
2026-03-15 22:10:56: 2026-03-15T16:40:56.316Z  POST /api/cashbook/bulk
2026-03-15 22:10:56: 2026-03-15T16:40:56.319Z  POST /api/cashbook/bulk
2026-03-15 22:10:56: 2026-03-15T16:40:56.321Z  POST /api/cashbook/bulk
2026-03-15 22:10:56: 2026-03-15T16:40:56.349Z  POST /api/cashbook/bulk
2026-03-15 22:10:56: 2026-03-15T16:40:56.353Z  POST /api/cashbook/bulk
2026-03-15 22:10:56: 2026-03-15T16:40:56.358Z  POST /api/cashbook/bulk
2026-03-15 22:10:56: 2026-03-15T16:40:56.365Z  POST /api/cashbook/bulk
2026-03-15 22:10:56: 2026-03-15T16:40:56.371Z  POST /api/cashbook/bulk
2026-03-15 22:10:56: 2026-03-15T16:40:56.394Z  POST /api/cashbook/bulk
2026-03-15 22:10:56: 2026-03-15T16:40:56.399Z  POST /api/cashbook/bulk
2026-03-15 22:10:56: 2026-03-15T16:40:56.401Z  POST /api/cashbook/bulk
2026-03-15 22:10:56: 2026-03-15T16:40:56.404Z  POST /api/cashbook/bulk
2026-03-15 22:10:56: 2026-03-15T16:40:56.406Z  POST /api/cashbook/bulk
2026-03-15 22:10:56: 2026-03-15T16:40:56.414Z  POST /api/cashbook/bulk
2026-03-15 22:10:56: 2026-03-15T16:40:56.417Z  POST /api/cashbook/bulk
2026-03-15 22:10:56: 2026-03-15T16:40:56.422Z  POST /api/cashbook/bulk
2026-03-15 22:10:56: 2026-03-15T16:40:56.444Z  POST /api/cashbook/bulk
2026-03-15 22:10:56: 2026-03-15T16:40:56.448Z  POST /api/cashbook/bulk
2026-03-15 22:10:56: 2026-03-15T16:40:56.449Z  POST /api/cashbook/bulk
2026-03-15 22:10:56: 2026-03-15T16:40:56.452Z  POST /api/cashbook/bulk
2026-03-15 22:10:56: 2026-03-15T16:40:56.454Z  POST /api/cashbook/bulk
2026-03-15 22:10:56: 2026-03-15T16:40:56.456Z  POST /api/cashbook/bulk
2026-03-15 22:10:56: 2026-03-15T16:40:56.457Z  POST /api/cashbook/bulk
2026-03-15 22:10:56: 2026-03-15T16:40:56.461Z  POST /api/cashbook/bulk
2026-03-15 22:10:56: 2026-03-15T16:40:56.463Z  POST /api/cashbook/bulk
2026-03-15 22:10:56: 2026-03-15T16:40:56.465Z  POST /api/cashbook/bulk
2026-03-15 22:10:56: 2026-03-15T16:40:56.467Z  POST /api/cashbook/bulk
2026-03-15 22:10:56: 2026-03-15T16:40:56.469Z  POST /api/cashbook/bulk
2026-03-15 22:10:56: 2026-03-15T16:40:56.471Z  POST /api/cashbook/bulk
2026-03-15 22:10:56: 2026-03-15T16:40:56.494Z  POST /api/cashbook/bulk
2026-03-15 22:10:56: 2026-03-15T16:40:56.494Z  POST /api/cashbook/bulk
2026-03-15 22:10:56: 2026-03-15T16:40:56.497Z  POST /api/cashbook/bulk
2026-03-15 22:10:56: 2026-03-15T16:40:56.498Z  POST /api/cashbook/bulk
2026-03-15 22:10:56: 2026-03-15T16:40:56.501Z  POST /api/cashbook/bulk
2026-03-15 22:10:56: 2026-03-15T16:40:56.503Z  POST /api/cashbook/bulk
2026-03-15 22:10:56: 2026-03-15T16:40:56.504Z  POST /api/cashbook/bulk
2026-03-15 22:10:56: 2026-03-15T16:40:56.505Z  POST /api/cashbook/bulk
2026-03-15 22:10:56: 2026-03-15T16:40:56.508Z  POST /api/cashbook/bulk
2026-03-15 22:10:56: 2026-03-15T16:40:56.510Z  POST /api/cashbook/bulk
2026-03-15 22:10:56: 2026-03-15T16:40:56.514Z  POST /api/cashbook/bulk
2026-03-15 22:10:56: 2026-03-15T16:40:56.516Z  POST /api/cashbook/bulk
2026-03-15 22:10:56: 2026-03-15T16:40:56.517Z  POST /api/cashbook/bulk
2026-03-15 22:10:56: 2026-03-15T16:40:56.521Z  POST /api/cashbook/bulk
2026-03-15 22:10:56: 2026-03-15T16:40:56.543Z  POST /api/cashbook/bulk
2026-03-15 22:10:56: 2026-03-15T16:40:56.544Z  POST /api/cashbook/bulk
2026-03-15 22:10:56: 2026-03-15T16:40:56.546Z  POST /api/cashbook/bulk
2026-03-15 22:10:56: 2026-03-15T16:40:56.551Z  POST /api/cashbook/bulk
2026-03-15 22:10:56: 2026-03-15T16:40:56.554Z  POST /api/cashbook/bulk
2026-03-15 22:10:56: 2026-03-15T16:40:56.555Z  POST /api/cashbook/bulk
2026-03-15 22:10:56: 2026-03-15T16:40:56.558Z  POST /api/cashbook/bulk
2026-03-15 22:10:56: 2026-03-15T16:40:56.561Z  POST /api/cashbook/bulk
2026-03-15 22:10:56: 2026-03-15T16:40:56.563Z  POST /api/cashbook/bulk
2026-03-15 22:10:56: 2026-03-15T16:40:56.565Z  POST /api/cashbook/bulk
2026-03-15 22:10:56: 2026-03-15T16:40:56.569Z  POST /api/cashbook/bulk
2026-03-15 22:10:56: 2026-03-15T16:40:56.571Z  POST /api/cashbook/bulk
2026-03-15 22:10:56: 2026-03-15T16:40:56.594Z  POST /api/cashbook/bulk
2026-03-15 22:10:56: 2026-03-15T16:40:56.598Z  POST /api/cashbook/bulk
2026-03-15 22:10:56: 2026-03-15T16:40:56.601Z  POST /api/cashbook/bulk
2026-03-15 22:10:56: 2026-03-15T16:40:56.604Z  POST /api/cashbook/bulk
2026-03-15 22:10:56: 2026-03-15T16:40:56.606Z  POST /api/cashbook/bulk
2026-03-15 22:10:56: 2026-03-15T16:40:56.609Z  POST /api/cashbook/bulk
2026-03-15 22:10:56: 2026-03-15T16:40:56.613Z  POST /api/cashbook/bulk
2026-03-15 22:10:56: 2026-03-15T16:40:56.617Z  POST /api/cashbook/bulk
2026-03-15 22:10:56: 2026-03-15T16:40:56.619Z  POST /api/cashbook/bulk
2026-03-15 22:10:56: 2026-03-15T16:40:56.621Z  POST /api/cashbook/bulk
2026-03-15 22:10:56: 2026-03-15T16:40:56.649Z  POST /api/cashbook/bulk
2026-03-15 22:10:56: 2026-03-15T16:40:56.651Z  POST /api/cashbook/bulk
2026-03-15 22:10:56: 2026-03-15T16:40:56.654Z  POST /api/cashbook/bulk
2026-03-15 22:10:56: 2026-03-15T16:40:56.669Z  POST /api/cashbook/bulk
2026-03-15 22:10:56: 2026-03-15T16:40:56.671Z  POST /api/cashbook/bulk
2026-03-15 22:10:56: 2026-03-15T16:40:56.673Z  POST /api/cashbook/bulk
2026-03-15 22:10:56: 2026-03-15T16:40:56.695Z  POST /api/cashbook/bulk
2026-03-15 22:10:56: 2026-03-15T16:40:56.697Z  POST /api/cashbook/bulk
2026-03-15 22:10:56: 2026-03-15T16:40:56.698Z  POST /api/cashbook/bulk
2026-03-15 22:10:56: 2026-03-15T16:40:56.700Z  POST /api/cashbook/bulk
2026-03-15 22:10:56: 2026-03-15T16:40:56.703Z  POST /api/cashbook/bulk
2026-03-15 22:10:56: 2026-03-15T16:40:56.706Z  POST /api/cashbook/bulk
2026-03-15 22:10:56: 2026-03-15T16:40:56.707Z  POST /api/cashbook/bulk
2026-03-15 22:10:56: 2026-03-15T16:40:56.709Z  POST /api/cashbook/bulk
2026-03-15 22:10:56: 2026-03-15T16:40:56.712Z  POST /api/cashbook/bulk
2026-03-15 22:10:56: 2026-03-15T16:40:56.713Z  POST /api/cashbook/bulk
2026-03-15 22:10:56: 2026-03-15T16:40:56.717Z  POST /api/cashbook/bulk
2026-03-15 22:10:56: 2026-03-15T16:40:56.719Z  POST /api/cashbook/bulk
2026-03-15 22:10:56: 2026-03-15T16:40:56.720Z  POST /api/cashbook/bulk
2026-03-15 22:10:56: 2026-03-15T16:40:56.721Z  POST /api/cashbook/bulk
2026-03-15 22:10:56: 2026-03-15T16:40:56.722Z  POST /api/cashbook/bulk
2026-03-15 22:10:56: 2026-03-15T16:40:56.744Z  POST /api/cashbook/bulk
2026-03-15 22:10:56: 2026-03-15T16:40:56.746Z  POST /api/cashbook/bulk
2026-03-15 22:10:56: 2026-03-15T16:40:56.748Z  POST /api/cashbook/bulk
2026-03-15 22:10:56: 2026-03-15T16:40:56.750Z  POST /api/cashbook/bulk
2026-03-15 22:10:56: 2026-03-15T16:40:56.755Z  POST /api/cashbook/bulk
2026-03-15 22:10:56: 2026-03-15T16:40:56.756Z  POST /api/cashbook/bulk
2026-03-15 22:10:56: 2026-03-15T16:40:56.758Z  POST /api/cashbook/bulk
2026-03-15 22:10:56: 2026-03-15T16:40:56.761Z  POST /api/cashbook/bulk
2026-03-15 22:10:56: 2026-03-15T16:40:56.764Z  POST /api/cashbook/bulk
2026-03-15 22:10:56: 2026-03-15T16:40:56.766Z  POST /api/cashbook/bulk
2026-03-15 22:10:56: 2026-03-15T16:40:56.770Z  POST /api/cashbook/bulk
2026-03-15 22:10:56: 2026-03-15T16:40:56.772Z  POST /api/cashbook/bulk
2026-03-15 22:10:56: 2026-03-15T16:40:56.795Z  POST /api/cashbook/bulk
2026-03-15 22:10:56: 2026-03-15T16:40:56.798Z  POST /api/cashbook/bulk
2026-03-15 22:10:56: 2026-03-15T16:40:56.800Z  POST /api/cashbook/bulk
2026-03-15 22:10:56: 2026-03-15T16:40:56.803Z  POST /api/cashbook/bulk
2026-03-15 22:10:56: 2026-03-15T16:40:56.807Z  POST /api/cashbook/bulk
2026-03-15 22:10:56: 2026-03-15T16:40:56.812Z  POST /api/cashbook/bulk
2026-03-15 22:10:56: 2026-03-15T16:40:56.815Z  POST /api/cashbook/bulk
2026-03-15 22:10:56: 2026-03-15T16:40:56.818Z  POST /api/cashbook/bulk
2026-03-15 22:10:56: 2026-03-15T16:40:56.843Z  POST /api/cashbook/bulk
2026-03-15 22:10:56: 2026-03-15T16:40:56.845Z  POST /api/cashbook/bulk
2026-03-15 22:10:56: 2026-03-15T16:40:56.848Z  POST /api/cashbook/bulk
2026-03-15 22:10:56: 2026-03-15T16:40:56.850Z  POST /api/cashbook/bulk
2026-03-15 22:10:56: 2026-03-15T16:40:56.854Z  POST /api/cashbook/bulk
2026-03-15 22:10:56: 2026-03-15T16:40:56.857Z  POST /api/cashbook/bulk
2026-03-15 22:10:56: 2026-03-15T16:40:56.862Z  POST /api/cashbook/bulk
2026-03-15 22:10:56: 2026-03-15T16:40:56.864Z  POST /api/cashbook/bulk
2026-03-15 22:10:56: 2026-03-15T16:40:56.868Z  POST /api/cashbook/bulk
2026-03-15 22:10:56: 2026-03-15T16:40:56.869Z  POST /api/cashbook/bulk
2026-03-15 22:10:56: 2026-03-15T16:40:56.893Z  POST /api/cashbook/bulk
2026-03-15 22:10:56: 2026-03-15T16:40:56.895Z  POST /api/cashbook/bulk
2026-03-15 22:10:56: 2026-03-15T16:40:56.897Z  POST /api/cashbook/bulk
2026-03-15 22:10:56: 2026-03-15T16:40:56.900Z  POST /api/cashbook/bulk
2026-03-15 22:10:56: 2026-03-15T16:40:56.902Z  POST /api/cashbook/bulk
2026-03-15 22:10:56: 2026-03-15T16:40:56.909Z  POST /api/cashbook/bulk
2026-03-15 22:10:56: 2026-03-15T16:40:56.915Z  POST /api/cashbook/bulk
2026-03-15 22:10:56: 2026-03-15T16:40:56.916Z  POST /api/cashbook/bulk
2026-03-15 22:10:56: 2026-03-15T16:40:56.920Z  POST /api/cashbook/bulk
2026-03-15 22:10:56: 2026-03-15T16:40:56.945Z  POST /api/cashbook/bulk
2026-03-15 22:10:56: 2026-03-15T16:40:56.950Z  POST /api/cashbook/bulk
2026-03-15 22:10:56: 2026-03-15T16:40:56.954Z  POST /api/cashbook/bulk
2026-03-15 22:10:56: 2026-03-15T16:40:56.963Z  POST /api/cashbook/bulk
2026-03-15 22:10:56: 2026-03-15T16:40:56.965Z  POST /api/cashbook/bulk
2026-03-15 22:10:56: 2026-03-15T16:40:56.993Z  POST /api/cashbook/bulk
2026-03-15 22:10:56: 2026-03-15T16:40:56.995Z  POST /api/cashbook/bulk
2026-03-15 22:10:57: 2026-03-15T16:40:56.998Z  POST /api/cashbook/bulk
2026-03-15 22:10:57: 2026-03-15T16:40:57.002Z  POST /api/cashbook/bulk
2026-03-15 22:10:57: 2026-03-15T16:40:57.005Z  POST /api/cashbook/bulk
2026-03-15 22:10:57: 2026-03-15T16:40:57.007Z  POST /api/cashbook/bulk
2026-03-15 22:10:57: 2026-03-15T16:40:57.009Z  POST /api/cashbook/bulk
2026-03-15 22:10:57: 2026-03-15T16:40:57.012Z  POST /api/cashbook/bulk
2026-03-15 22:10:57: 2026-03-15T16:40:57.015Z  POST /api/cashbook/bulk
2026-03-15 22:10:57: 2026-03-15T16:40:57.019Z  POST /api/cashbook/bulk
2026-03-15 22:10:57: 2026-03-15T16:40:57.021Z  POST /api/cashbook/bulk
2026-03-15 22:10:57: 2026-03-15T16:40:57.043Z  POST /api/cashbook/bulk
2026-03-15 22:10:57: 2026-03-15T16:40:57.045Z  POST /api/cashbook/bulk
2026-03-15 22:10:57: 2026-03-15T16:40:57.048Z  POST /api/cashbook/bulk
2026-03-15 22:10:57: 2026-03-15T16:40:57.051Z  POST /api/cashbook/bulk
2026-03-15 22:10:57: 2026-03-15T16:40:57.054Z  POST /api/cashbook/bulk
2026-03-15 22:10:57: 2026-03-15T16:40:57.056Z  POST /api/cashbook/bulk
2026-03-15 22:10:57: 2026-03-15T16:40:57.060Z  POST /api/cashbook/bulk
2026-03-15 22:10:57: 2026-03-15T16:40:57.064Z  POST /api/cashbook/bulk
2026-03-15 22:10:57: 2026-03-15T16:40:57.068Z  POST /api/cashbook/bulk
2026-03-15 22:10:57: 2026-03-15T16:40:57.071Z  POST /api/cashbook/bulk
2026-03-15 22:10:57: 2026-03-15T16:40:57.094Z  POST /api/cashbook/bulk
2026-03-15 22:10:57: 2026-03-15T16:40:57.095Z  POST /api/cashbook/bulk
2026-03-15 22:10:57: 2026-03-15T16:40:57.098Z  POST /api/cashbook/bulk
2026-03-15 22:10:57: 2026-03-15T16:40:57.101Z  POST /api/cashbook/bulk
2026-03-15 22:10:57: 2026-03-15T16:40:57.104Z  POST /api/cashbook/bulk
2026-03-15 22:10:57: 2026-03-15T16:40:57.112Z  POST /api/cashbook/bulk
2026-03-15 22:10:57: 2026-03-15T16:40:57.118Z  POST /api/cashbook/bulk
2026-03-15 22:10:57: 2026-03-15T16:40:57.120Z  POST /api/cashbook/bulk
2026-03-15 22:10:57: 2026-03-15T16:40:57.144Z  POST /api/cashbook/bulk
2026-03-15 22:10:57: 2026-03-15T16:40:57.146Z  POST /api/cashbook/bulk
2026-03-15 22:10:57: 2026-03-15T16:40:57.149Z  POST /api/cashbook/bulk
2026-03-15 22:10:57: 2026-03-15T16:40:57.152Z  POST /api/cashbook/bulk
2026-03-15 22:10:57: 2026-03-15T16:40:57.155Z  POST /api/cashbook/bulk
2026-03-15 22:10:57: 2026-03-15T16:40:57.157Z  POST /api/cashbook/bulk
2026-03-15 22:10:57: 2026-03-15T16:40:57.162Z  POST /api/cashbook/bulk
2026-03-15 22:10:57: 2026-03-15T16:40:57.164Z  POST /api/cashbook/bulk
2026-03-15 22:10:57: 2026-03-15T16:40:57.172Z  POST /api/cashbook/bulk
2026-03-15 22:10:57: 2026-03-15T16:40:57.195Z  POST /api/cashbook/bulk
2026-03-15 22:10:57: 2026-03-15T16:40:57.196Z  POST /api/cashbook/bulk
2026-03-15 22:10:57: 2026-03-15T16:40:57.197Z  POST /api/cashbook/bulk
2026-03-15 22:10:57: 2026-03-15T16:40:57.200Z  POST /api/cashbook/bulk
2026-03-15 22:10:57: 2026-03-15T16:40:57.204Z  POST /api/cashbook/bulk
2026-03-15 22:10:57: 2026-03-15T16:40:57.206Z  POST /api/cashbook/bulk
2026-03-15 22:10:57: 2026-03-15T16:40:57.208Z  POST /api/cashbook/bulk
2026-03-15 22:10:57: 2026-03-15T16:40:57.211Z  POST /api/cashbook/bulk
2026-03-15 22:10:57: 2026-03-15T16:40:57.213Z  POST /api/cashbook/bulk
2026-03-15 22:10:57: 2026-03-15T16:40:57.214Z  POST /api/cashbook/bulk
2026-03-15 22:10:57: 2026-03-15T16:40:57.222Z  POST /api/cashbook/bulk
2026-03-15 22:10:57: 2026-03-15T16:40:57.223Z  POST /api/cashbook/bulk
2026-03-15 22:10:57: 2026-03-15T16:40:57.244Z  POST /api/cashbook/bulk
2026-03-15 22:10:57: 2026-03-15T16:40:57.245Z  POST /api/cashbook/bulk
2026-03-15 22:10:57: 2026-03-15T16:40:57.247Z  POST /api/cashbook/bulk
2026-03-15 22:10:57: 2026-03-15T16:40:57.251Z  POST /api/cashbook/bulk
2026-03-15 22:10:57: 2026-03-15T16:40:57.252Z  POST /api/cashbook/bulk
2026-03-15 22:10:57: 2026-03-15T16:40:57.253Z  POST /api/cashbook/bulk
2026-03-15 22:10:57: 2026-03-15T16:40:57.257Z  POST /api/cashbook/bulk
2026-03-15 22:10:57: 2026-03-15T16:40:57.261Z  POST /api/cashbook/bulk
2026-03-15 22:10:57: 2026-03-15T16:40:57.263Z  POST /api/cashbook/bulk
2026-03-15 22:10:57: 2026-03-15T16:40:57.265Z  POST /api/cashbook/bulk
2026-03-15 22:10:57: 2026-03-15T16:40:57.268Z  POST /api/cashbook/bulk
2026-03-15 22:10:57: 2026-03-15T16:40:57.272Z  POST /api/cashbook/bulk
2026-03-15 22:10:57: 2026-03-15T16:40:57.294Z  POST /api/cashbook/bulk
2026-03-15 22:10:57: 2026-03-15T16:40:57.297Z  POST /api/cashbook/bulk
2026-03-15 22:10:57: 2026-03-15T16:40:57.299Z  POST /api/cashbook/bulk
2026-03-15 22:10:57: 2026-03-15T16:40:57.301Z  POST /api/cashbook/bulk
2026-03-15 22:10:57: 2026-03-15T16:40:57.305Z  POST /api/cashbook/bulk
2026-03-15 22:10:57: 2026-03-15T16:40:57.319Z  POST /api/cashbook/bulk
2026-03-15 22:10:57: 2026-03-15T16:40:57.346Z  POST /api/cashbook/bulk
2026-03-15 22:10:57: 2026-03-15T16:40:57.348Z  POST /api/cashbook/bulk
2026-03-15 22:10:57: 2026-03-15T16:40:57.350Z  POST /api/cashbook/bulk
2026-03-15 22:10:57: 2026-03-15T16:40:57.353Z  POST /api/cashbook/bulk
2026-03-15 22:10:57: 2026-03-15T16:40:57.357Z  POST /api/cashbook/bulk
2026-03-15 22:10:57: 2026-03-15T16:40:57.363Z  POST /api/cashbook/bulk
2026-03-15 22:10:57: 2026-03-15T16:40:57.366Z  POST /api/cashbook/bulk
2026-03-15 22:10:57: 2026-03-15T16:40:57.369Z  POST /api/cashbook/bulk
2026-03-15 22:10:57: 2026-03-15T16:40:57.372Z  POST /api/cashbook/bulk
2026-03-15 22:10:57: 2026-03-15T16:40:57.395Z  POST /api/cashbook/bulk
2026-03-15 22:10:57: 2026-03-15T16:40:57.398Z  POST /api/cashbook/bulk
2026-03-15 22:10:57: 2026-03-15T16:40:57.404Z  POST /api/cashbook/bulk
2026-03-15 22:10:57: 2026-03-15T16:40:57.405Z  POST /api/cashbook/bulk
2026-03-15 22:10:57: 2026-03-15T16:40:57.409Z  POST /api/cashbook/bulk
2026-03-15 22:10:57: 2026-03-15T16:40:57.412Z  POST /api/cashbook/bulk
2026-03-15 22:10:57: 2026-03-15T16:40:57.415Z  POST /api/cashbook/bulk
2026-03-15 22:10:57: 2026-03-15T16:40:57.417Z  POST /api/cashbook/bulk
2026-03-15 22:10:57: 2026-03-15T16:40:57.420Z  POST /api/cashbook/bulk
2026-03-15 22:10:57: 2026-03-15T16:40:57.443Z  POST /api/cashbook/bulk
2026-03-15 22:10:57: 2026-03-15T16:40:57.444Z  POST /api/cashbook/bulk
2026-03-15 22:10:57: 2026-03-15T16:40:57.450Z  POST /api/cashbook/bulk
2026-03-15 22:10:57: 2026-03-15T16:40:57.451Z  POST /api/cashbook/bulk
2026-03-15 22:10:57: 2026-03-15T16:40:57.454Z  POST /api/cashbook/bulk
2026-03-15 22:10:57: 2026-03-15T16:40:57.462Z  POST /api/cashbook/bulk
2026-03-15 22:10:57: 2026-03-15T16:40:57.468Z  POST /api/cashbook/bulk
2026-03-15 22:10:57: 2026-03-15T16:40:57.471Z  POST /api/cashbook/bulk
2026-03-15 22:10:57: 2026-03-15T16:40:57.494Z  POST /api/cashbook/bulk
2026-03-15 22:10:57: 2026-03-15T16:40:57.495Z  POST /api/cashbook/bulk
2026-03-15 22:10:57: 2026-03-15T16:40:57.497Z  POST /api/cashbook/bulk
2026-03-15 22:10:57: 2026-03-15T16:40:57.500Z  POST /api/cashbook/bulk
2026-03-15 22:10:57: 2026-03-15T16:40:57.501Z  POST /api/cashbook/bulk
2026-03-15 22:10:57: 2026-03-15T16:40:57.503Z  POST /api/cashbook/bulk
2026-03-15 22:10:57: 2026-03-15T16:40:57.504Z  POST /api/cashbook/bulk
2026-03-15 22:10:57: 2026-03-15T16:40:57.505Z  POST /api/cashbook/bulk
2026-03-15 22:10:57: 2026-03-15T16:40:57.513Z  POST /api/cashbook/bulk
2026-03-15 22:10:57: 2026-03-15T16:40:57.514Z  POST /api/cashbook/bulk
2026-03-15 22:10:57: 2026-03-15T16:40:57.544Z  POST /api/cashbook/bulk
2026-03-15 22:10:57: 2026-03-15T16:40:57.545Z  POST /api/cashbook/bulk
2026-03-15 22:10:57: 2026-03-15T16:40:57.547Z  POST /api/cashbook/bulk
2026-03-15 22:10:57: 2026-03-15T16:40:57.550Z  POST /api/cashbook/bulk
2026-03-15 22:10:57: 2026-03-15T16:40:57.552Z  POST /api/cashbook/bulk
2026-03-15 22:10:57: 2026-03-15T16:40:57.555Z  POST /api/cashbook/bulk
2026-03-15 22:10:57: 2026-03-15T16:40:57.562Z  POST /api/cashbook/bulk
2026-03-15 22:10:57: 2026-03-15T16:40:57.564Z  POST /api/cashbook/bulk
2026-03-15 22:10:57: 2026-03-15T16:40:57.572Z  POST /api/cashbook/bulk
2026-03-15 22:10:57: 2026-03-15T16:40:57.594Z  POST /api/cashbook/bulk
2026-03-15 22:10:57: 2026-03-15T16:40:57.602Z  POST /api/cashbook/bulk
2026-03-15 22:10:57: 2026-03-15T16:40:57.603Z  POST /api/cashbook/bulk
2026-03-15 22:10:57: 2026-03-15T16:40:57.603Z  POST /api/cashbook/bulk
2026-03-15 22:10:57: 2026-03-15T16:40:57.612Z  POST /api/cashbook/bulk
2026-03-15 22:10:57: 2026-03-15T16:40:57.613Z  POST /api/cashbook/bulk
2026-03-15 22:10:57: 2026-03-15T16:40:57.617Z  POST /api/cashbook/bulk
2026-03-15 22:10:57: 2026-03-15T16:40:57.619Z  POST /api/cashbook/bulk
2026-03-15 22:10:57: 2026-03-15T16:40:57.620Z  POST /api/cashbook/bulk
2026-03-15 22:10:57: 2026-03-15T16:40:57.644Z  POST /api/cashbook/bulk
2026-03-15 22:10:57: 2026-03-15T16:40:57.644Z  POST /api/cashbook/bulk
2026-03-15 22:10:57: 2026-03-15T16:40:57.646Z  POST /api/cashbook/bulk
2026-03-15 22:10:57: 2026-03-15T16:40:57.653Z  POST /api/cashbook/bulk
2026-03-15 22:10:57: 2026-03-15T16:40:57.655Z  POST /api/cashbook/bulk
2026-03-15 22:10:57: 2026-03-15T16:40:57.658Z  POST /api/cashbook/bulk
2026-03-15 22:10:57: 2026-03-15T16:40:57.665Z  POST /api/cashbook/bulk
2026-03-15 22:10:57: 2026-03-15T16:40:57.667Z  POST /api/cashbook/bulk
2026-03-15 22:10:57: 2026-03-15T16:40:57.695Z  POST /api/cashbook/bulk
2026-03-15 22:10:57: 2026-03-15T16:40:57.697Z  POST /api/cashbook/bulk
2026-03-15 22:10:57: 2026-03-15T16:40:57.744Z  POST /api/cashbook/bulk
2026-03-15 22:10:57: 2026-03-15T16:40:57.745Z  POST /api/cashbook/bulk
2026-03-15 22:10:57: 2026-03-15T16:40:57.748Z  POST /api/cashbook/bulk
2026-03-15 22:10:57: 2026-03-15T16:40:57.752Z  POST /api/cashbook/bulk
2026-03-15 22:10:57: 2026-03-15T16:40:57.753Z  POST /api/cashbook/bulk
2026-03-15 22:10:57: 2026-03-15T16:40:57.757Z  POST /api/cashbook/bulk
2026-03-15 22:10:57: 2026-03-15T16:40:57.760Z  POST /api/cashbook/bulk
2026-03-15 22:10:57: 2026-03-15T16:40:57.765Z  POST /api/cashbook/bulk
2026-03-15 22:10:57: 2026-03-15T16:40:57.772Z  POST /api/cashbook/bulk
2026-03-15 22:10:57: 2026-03-15T16:40:57.794Z  POST /api/cashbook/bulk
2026-03-15 22:10:57: 2026-03-15T16:40:57.796Z  POST /api/cashbook/bulk
2026-03-15 22:10:57: 2026-03-15T16:40:57.797Z  POST /api/cashbook/bulk
2026-03-15 22:10:57: 2026-03-15T16:40:57.800Z  POST /api/cashbook/bulk
2026-03-15 22:10:57: 2026-03-15T16:40:57.805Z  POST /api/cashbook/bulk
2026-03-15 22:10:57: 2026-03-15T16:40:57.808Z  POST /api/cashbook/bulk
2026-03-15 22:10:57: 2026-03-15T16:40:57.809Z  POST /api/cashbook/bulk
2026-03-15 22:10:57: 2026-03-15T16:40:57.813Z  POST /api/cashbook/bulk
2026-03-15 22:10:57: 2026-03-15T16:40:57.814Z  POST /api/cashbook/bulk
2026-03-15 22:10:57: 2026-03-15T16:40:57.816Z  POST /api/cashbook/bulk
2026-03-15 22:10:57: 2026-03-15T16:40:57.821Z  POST /api/cashbook/bulk
2026-03-15 22:10:57: 2026-03-15T16:40:57.844Z  POST /api/cashbook/bulk
2026-03-15 22:10:57: 2026-03-15T16:40:57.845Z  POST /api/cashbook/bulk
2026-03-15 22:10:57: 2026-03-15T16:40:57.848Z  POST /api/cashbook/bulk
2026-03-15 22:10:57: 2026-03-15T16:40:57.850Z  POST /api/cashbook/bulk
2026-03-15 22:10:57: 2026-03-15T16:40:57.853Z  POST /api/cashbook/bulk
2026-03-15 22:10:57: 2026-03-15T16:40:57.857Z  POST /api/cashbook/bulk
2026-03-15 22:10:57: 2026-03-15T16:40:57.861Z  POST /api/cashbook/bulk
2026-03-15 22:10:57: 2026-03-15T16:40:57.863Z  POST /api/cashbook/bulk
2026-03-15 22:10:57: 2026-03-15T16:40:57.866Z  POST /api/cashbook/bulk
2026-03-15 22:10:57: 2026-03-15T16:40:57.868Z  POST /api/cashbook/bulk
2026-03-15 22:10:57: 2026-03-15T16:40:57.870Z  POST /api/cashbook/bulk
2026-03-15 22:10:57: 2026-03-15T16:40:57.894Z  POST /api/cashbook/bulk
2026-03-15 22:10:57: 2026-03-15T16:40:57.895Z  POST /api/cashbook/bulk
2026-03-15 22:10:57: 2026-03-15T16:40:57.899Z  POST /api/cashbook/bulk
2026-03-15 22:10:57: 2026-03-15T16:40:57.902Z  POST /api/cashbook/bulk
2026-03-15 22:10:57: 2026-03-15T16:40:57.905Z  POST /api/cashbook/bulk
2026-03-15 22:10:57: 2026-03-15T16:40:57.912Z  POST /api/cashbook/bulk
2026-03-15 22:10:57: 2026-03-15T16:40:57.916Z  POST /api/cashbook/bulk
2026-03-15 22:10:57: 2026-03-15T16:40:57.917Z  POST /api/cashbook/bulk
2026-03-15 22:10:57: 2026-03-15T16:40:57.919Z  POST /api/cashbook/bulk
2026-03-15 22:10:57: 2026-03-15T16:40:57.944Z  POST /api/cashbook/bulk
2026-03-15 22:10:57: 2026-03-15T16:40:57.946Z  POST /api/cashbook/bulk
2026-03-15 22:10:57: 2026-03-15T16:40:57.951Z  POST /api/cashbook/bulk
2026-03-15 22:10:57: 2026-03-15T16:40:57.955Z  POST /api/cashbook/bulk
2026-03-15 22:10:57: 2026-03-15T16:40:57.956Z  POST /api/cashbook/bulk
2026-03-15 22:10:57: 2026-03-15T16:40:57.963Z  POST /api/cashbook/bulk
2026-03-15 22:10:57: 2026-03-15T16:40:57.964Z  POST /api/cashbook/bulk
2026-03-15 22:10:57: 2026-03-15T16:40:57.965Z  POST /api/cashbook/bulk
2026-03-15 22:10:57: 2026-03-15T16:40:57.966Z  POST /api/cashbook/bulk
2026-03-15 22:10:57: 2026-03-15T16:40:57.970Z  POST /api/cashbook/bulk
2026-03-15 22:10:57: 2026-03-15T16:40:57.999Z  POST /api/cashbook/bulk
2026-03-15 22:10:58: 2026-03-15T16:40:58.001Z  POST /api/cashbook/bulk
2026-03-15 22:10:58: 2026-03-15T16:40:58.005Z  POST /api/cashbook/bulk
2026-03-15 22:10:58: 2026-03-15T16:40:58.007Z  POST /api/cashbook/bulk
2026-03-15 22:10:58: 2026-03-15T16:40:58.012Z  POST /api/cashbook/bulk
2026-03-15 22:10:58: 2026-03-15T16:40:58.014Z  POST /api/cashbook/bulk
2026-03-15 22:10:58: 2026-03-15T16:40:58.016Z  POST /api/cashbook/bulk
2026-03-15 22:10:58: 2026-03-15T16:40:58.020Z  POST /api/cashbook/bulk
2026-03-15 22:10:58: 2026-03-15T16:40:58.048Z  POST /api/cashbook/bulk
2026-03-15 22:10:58: 2026-03-15T16:40:58.049Z  POST /api/cashbook/bulk
2026-03-15 22:10:58: 2026-03-15T16:40:58.050Z  POST /api/cashbook/bulk
2026-03-15 22:10:58: 2026-03-15T16:40:58.055Z  POST /api/cashbook/bulk
2026-03-15 22:10:58: 2026-03-15T16:40:58.057Z  POST /api/cashbook/bulk
2026-03-15 22:10:58: 2026-03-15T16:40:58.058Z  POST /api/cashbook/bulk
2026-03-15 22:10:58: 2026-03-15T16:40:58.063Z  POST /api/cashbook/bulk
2026-03-15 22:10:58: 2026-03-15T16:40:58.065Z  POST /api/cashbook/bulk
2026-03-15 22:10:58: 2026-03-15T16:40:58.072Z  POST /api/cashbook/bulk
2026-03-15 22:10:58: 2026-03-15T16:40:58.100Z  POST /api/cashbook/bulk
2026-03-15 22:10:58: 2026-03-15T16:40:58.108Z  POST /api/cashbook/bulk
2026-03-15 22:10:58: 2026-03-15T16:40:58.115Z  POST /api/cashbook/bulk
2026-03-15 22:10:58: 2026-03-15T16:40:58.119Z  POST /api/cashbook/bulk
2026-03-15 22:10:58: 2026-03-15T16:40:58.167Z  POST /api/cashbook/bulk
2026-03-15 22:10:58: 2026-03-15T16:40:58.169Z  POST /api/cashbook/bulk
2026-03-15 22:10:58: 2026-03-15T16:40:58.298Z  GET /api/cashbook
2026-03-15 22:11:14: 2026-03-15T16:41:14.911Z  GET /api/records
2026-03-15 22:11:14: 2026-03-15T16:41:14.941Z  GET /api/records
2026-03-15 22:11:21: 2026-03-15T16:41:21.165Z  GET /api/records/stats
2026-03-15 22:11:24: 2026-03-15T16:41:24.841Z  GET /api/records
2026-03-15 22:11:24: 2026-03-15T16:41:24.857Z  GET /api/records
2026-03-15 22:11:25: 2026-03-15T16:41:25.791Z  GET /api/records
2026-03-15 22:11:25: 2026-03-15T16:41:25.818Z  GET /api/records
2026-03-15 22:11:27: 2026-03-15T16:41:27.151Z  GET /api/records
2026-03-15 22:11:51: 2026-03-15T16:41:51.162Z  GET /api/records/stats
2026-03-15 22:12:21: 2026-03-15T16:42:21.160Z  GET /api/records/stats
2026-03-15 22:12:37: 2026-03-15T16:42:37.186Z  GET /api/records
2026-03-15 22:12:37: 2026-03-15T16:42:37.199Z  GET /api/records
2026-03-15 22:12:41: 2026-03-15T16:42:41.316Z  GET /api/records
2026-03-15 22:12:43: 2026-03-15T16:42:43.391Z  GET /api/records
2026-03-15 22:12:46: 2026-03-15T16:42:46.342Z  GET /api/records
2026-03-15 22:12:51: 2026-03-15T16:42:51.160Z  GET /api/records/stats
2026-03-15 22:13:07: 2026-03-15T16:43:07.541Z  GET /api/cashbook
2026-03-15 22:13:07: 2026-03-15T16:43:07.541Z  GET /api/records
2026-03-15 22:13:09: 2026-03-15T16:43:09.389Z  GET /api/cashbook
2026-03-15 22:13:09: 2026-03-15T16:43:09.389Z  GET /api/records
2026-03-15 22:13:10: 2026-03-15T16:43:10.826Z  GET /api/records
2026-03-15 22:13:10: 2026-03-15T16:43:10.827Z  GET /api/cashbook
2026-03-15 22:13:11: 2026-03-15T16:43:11.536Z  GET /api/cashbook
2026-03-15 22:13:11: 2026-03-15T16:43:11.537Z  GET /api/records
2026-03-15 22:13:12: 2026-03-15T16:43:12.813Z  GET /api/cashbook
2026-03-15 22:13:12: 2026-03-15T16:43:12.813Z  GET /api/records
2026-03-15 22:13:13: 2026-03-15T16:43:13.759Z  GET /api/cashbook
2026-03-15 22:13:13: 2026-03-15T16:43:13.760Z  GET /api/records
2026-03-15 22:13:14: 2026-03-15T16:43:14.676Z  GET /api/cashbook
2026-03-15 22:13:14: 2026-03-15T16:43:14.677Z  GET /api/records
2026-03-15 22:13:15: 2026-03-15T16:43:15.808Z  GET /api/cashbook
2026-03-15 22:13:15: 2026-03-15T16:43:15.809Z  GET /api/records
2026-03-15 22:13:16: 2026-03-15T16:43:16.933Z  GET /api/cashbook
2026-03-15 22:13:16: 2026-03-15T16:43:16.933Z  GET /api/records
2026-03-15 22:13:21: 2026-03-15T16:43:21.158Z  GET /api/records/stats
2026-03-15 22:13:51: 2026-03-15T16:43:51.455Z  GET /api/records/stats
2026-03-15 22:14:21: 2026-03-15T16:44:21.456Z  GET /api/records/stats
2026-03-15 22:15:40: 2026-03-15T16:45:40.448Z  GET /api/records/stats
2026-03-15 22:16:40: 2026-03-15T16:46:40.444Z  GET /api/records/stats
2026-03-15 22:16:51: 2026-03-15T16:46:51.638Z  GET /api/records/stats
2026-03-15 22:17:21: 2026-03-15T16:47:21.445Z  GET /api/records/stats
2026-03-15 22:18:40: 2026-03-15T16:48:40.468Z  GET /api/records/stats
2026-03-15 22:19:40: 2026-03-15T16:49:40.475Z  GET /api/records/stats
2026-03-15 22:20:41: 2026-03-15T16:50:41.024Z  GET /api/records/stats
2026-03-15 22:21:40: 2026-03-15T16:51:40.436Z  GET /api/records/stats
2026-03-15 22:22:40: 2026-03-15T16:52:40.476Z  GET /api/records/stats
2026-03-15 22:23:40: 2026-03-15T16:53:40.497Z  GET /api/records/stats
2026-03-15 22:24:40: 2026-03-15T16:54:40.424Z  GET /api/records/stats
2026-03-15 22:25:40: 2026-03-15T16:55:40.471Z  GET /api/records/stats
2026-03-15 22:26:40: 2026-03-15T16:56:40.448Z  GET /api/records/stats
2026-03-15 22:27:40: 2026-03-15T16:57:40.441Z  GET /api/records/stats
2026-03-15 22:28:40: 2026-03-15T16:58:40.412Z  GET /api/records/stats
2026-03-15 22:29:40: 2026-03-15T16:59:40.410Z  GET /api/records/stats
2026-03-15 22:30:40: 2026-03-15T17:00:40.430Z  GET /api/records/stats
2026-03-15 22:31:40: 2026-03-15T17:01:40.415Z  GET /api/records/stats
2026-03-15 22:32:40: 2026-03-15T17:02:40.446Z  GET /api/records/stats
2026-03-15 22:33:40: 2026-03-15T17:03:40.440Z  GET /api/records/stats
2026-03-15 22:34:40: 2026-03-15T17:04:40.388Z  GET /api/records/stats
2026-03-15 22:35:40: 2026-03-15T17:05:40.388Z  GET /api/records/stats
2026-03-15 22:36:40: 2026-03-15T17:06:40.661Z  GET /api/records/stats
2026-03-15 22:37:40: 2026-03-15T17:07:40.666Z  GET /api/records/stats
2026-03-15 22:38:28: 2026-03-15T17:08:28.606Z  GET /api/records/stats
2026-03-15 22:38:54: 2026-03-15T17:08:54.127Z  GET /api/records/stats
2026-03-15 22:39:21: 2026-03-15T17:09:21.659Z  GET /api/records/stats
2026-03-15 22:40:40: 2026-03-15T17:10:40.692Z  GET /api/records/stats
2026-03-15 22:41:40: 2026-03-15T17:11:40.680Z  GET /api/records/stats
2026-03-15 22:42:40: 2026-03-15T17:12:40.940Z  GET /api/records/stats
2026-03-15 22:43:40: 2026-03-15T17:13:40.686Z  GET /api/records/stats
2026-03-15 22:44:40: 2026-03-15T17:14:40.656Z  GET /api/records/stats
2026-03-15 22:45:34: 2026-03-15T17:15:34.939Z  GET /api/records/stats
2026-03-15 22:45:51: 2026-03-15T17:15:51.782Z  GET /api/records/stats
2026-03-15 22:46:21: 2026-03-15T17:16:21.650Z  GET /api/records/stats
2026-03-15 23:06:53: 2026-03-15T17:36:53.082Z  GET /api/records/stats
2026-03-15 23:07:51: 2026-03-15T17:37:51.192Z  GET /api/records/stats
2026-03-15 23:08:51: 2026-03-15T17:38:51.175Z  GET /api/records/stats
2026-03-15 23:09:51: 2026-03-15T17:39:51.176Z  GET /api/records/stats
2026-03-15 23:10:51: 2026-03-15T17:40:51.179Z  GET /api/records/stats
2026-03-15 23:11:51: 2026-03-15T17:41:51.182Z  GET /api/records/stats
2026-03-15 23:12:51: 2026-03-15T17:42:51.235Z  GET /api/records/stats
2026-03-15 23:13:51: 2026-03-15T17:43:51.630Z  GET /api/records/stats
